<?xml version="1.0" encoding="UTF-8"?>
<!-- Generated by org.testng.reporters.JUnitReportReporter -->
<testsuite hostname="JARVIS" failures="0" tests="11" name="testrunnerAPI.TestRunner" time="2.332" errors="0" timestamp="2024-09-05T08:41:59 IST" skipped="0">
  <testcase classname="testrunnerAPI.TestRunner" name="runScenario" time="0.047"/>
  <testcase classname="testrunnerAPI.TestRunner" name="runScenario" time="0.062"/>
  <testcase classname="testrunnerAPI.TestRunner" name="runScenario" time="0.077"/>
  <testcase classname="testrunnerAPI.TestRunner" name="runScenario" time="0.076"/>
  <testcase classname="testrunnerAPI.TestRunner" name="runScenario" time="0.063"/>
  <testcase classname="testrunnerAPI.TestRunner" name="runScenario" time="0.028"/>
  <testcase classname="testrunnerAPI.TestRunner" name="runScenario" time="0.056"/>
  <testcase classname="testrunnerAPI.TestRunner" name="runScenario" time="1.757"/>
  <testcase classname="testrunnerAPI.TestRunner" name="runScenario" time="0.045"/>
  <testcase classname="testrunnerAPI.TestRunner" name="runScenario" time="0.073"/>
  <testcase classname="testrunnerAPI.TestRunner" name="runScenario" time="0.048"/>
</testsuite> <!-- testrunnerAPI.TestRunner -->
